#
# There is insufficient memory for the Java Runtime Environment to continue.
# Native memory allocation (malloc) failed to allocate 32744 bytes for ChunkPool::allocate
# Possible reasons:
#   The system is out of physical RAM or swap space
#   The process is running with CompressedOops enabled, and the Java Heap may be blocking the growth of the native heap
# Possible solutions:
#   Reduce memory load on the system
#   Increase physical memory or swap space
#   Check if swap backing store is full
#   Decrease Java heap size (-Xmx/-Xms)
#   Decrease number of Java threads
#   Decrease Java thread stack sizes (-Xss)
#   Set larger code cache with -XX:ReservedCodeCacheSize=
#   JVM is running with Unscaled Compressed Oops mode in which the Java heap is
#     placed in the first 4GB address space. The Java Heap base address is the
#     maximum limit for the native heap growth. Please use -XX:HeapBaseMinAddress
#     to set the Java Heap base and to place the Java Heap above 4GB virtual address.
# This output file may be truncated or incomplete.
#
#  Out of Memory Error (arena.cpp:78), pid=76044, tid=79036
#
# JRE version: Java(TM) SE Runtime Environment (17.0.6+9) (build 17.0.6+9-LTS-190)
# Java VM: Java HotSpot(TM) 64-Bit Server VM (17.0.6+9-LTS-190, mixed mode, sharing, tiered, compressed oops, compressed class ptrs, g1 gc, windows-amd64)
# No core dump will be written. Minidumps are not enabled by default on client versions of Windows
#

---------------  S U M M A R Y ------------

Command Line: -javaagent:C:\Program Files\JetBrains\IntelliJ IDEA Community Edition 2020.3.2\lib\idea_rt.jar=53053:C:\Program Files\JetBrains\IntelliJ IDEA Community Edition 2020.3.2\bin -Dfile.encoding=UTF-8 br.com.calculo.CalculoApplication

Host: AMD Ryzen 7 3700U with Radeon Vega Mobile Gfx  , 8 cores, 5G,  Windows 11 , 64 bit Build 22621 (10.0.22621.3085)
Time: Sun Mar 10 17:56:50 2024 Hora oficial do Brasil elapsed time: 46.397662 seconds (0d 0h 0m 46s)

---------------  T H R E A D  ---------------

Current thread (0x0000016aa2ba3460):  JavaThread "C2 CompilerThread0" daemon [_thread_in_native, id=79036, stack(0x00000056e8a00000,0x00000056e8b00000)]


Current CompileTask:
C2:  46398 5485       4       java.lang.invoke.MethodType::makeImpl (109 bytes)

Stack: [0x00000056e8a00000,0x00000056e8b00000]
Native frames: (J=compiled Java code, j=interpreted, Vv=VM code, C=native code)
V  [jvm.dll+0x6734ea]
V  [jvm.dll+0x7d18f4]
V  [jvm.dll+0x7d309e]
V  [jvm.dll+0x7d3703]
V  [jvm.dll+0x2433c5]
V  [jvm.dll+0xaa6c0]
V  [jvm.dll+0xaaa0c]
V  [jvm.dll+0x3644bf]
V  [jvm.dll+0x363b01]
V  [jvm.dll+0x363b44]
V  [jvm.dll+0x55d145]
V  [jvm.dll+0x55d90b]
V  [jvm.dll+0x329430]
V  [jvm.dll+0x32889a]
V  [jvm.dll+0x215ddf]
V  [jvm.dll+0x215211]
V  [jvm.dll+0x1a1730]
V  [jvm.dll+0x224b6e]
V  [jvm.dll+0x222f15]
V  [jvm.dll+0x78753c]
V  [jvm.dll+0x781a7a]
V  [jvm.dll+0x672375]
C  [ucrtbase.dll+0x29363]
C  [KERNEL32.DLL+0x1257d]
C  [ntdll.dll+0x5aa58]


---------------  P R O C E S S  ---------------

Threads class SMR info:
_java_thread_list=0x0000016ac78a7cb0, length=30, elements={
0x0000016ac1b8b4b0, 0x0000016ac1b8bf70, 0x0000016ac1b9b1f0, 0x0000016ac1b9bab0,
0x0000016ac1b9cb10, 0x0000016ac1b9db70, 0x0000016aa2ba3460, 0x0000016aa2ba2a40,
0x0000016ac1baf330, 0x0000016ac1b6f5e0, 0x0000016ac28ca390, 0x0000016ac28ca860,
0x0000016ac57c6d30, 0x0000016ac4dbd2b0, 0x0000016ac2c0b210, 0x0000016ac516e630,
0x0000016ac3c43da0, 0x0000016ac3c44270, 0x0000016ac3c455b0, 0x0000016ac3c468f0,
0x0000016ac3c46dc0, 0x0000016ac3c45a80, 0x0000016ac3c45f50, 0x0000016ac3c46420,
0x0000016ac257a5f0, 0x0000016ac2574f50, 0x0000016ac25758f0, 0x0000016ac257b460,
0x0000016ac257b930, 0x0000016ac257c7a0
}

Java Threads: ( => current thread )
  0x0000016ac1b8b4b0 JavaThread "Reference Handler" daemon [_thread_blocked, id=89192, stack(0x00000056e8400000,0x00000056e8500000)]
  0x0000016ac1b8bf70 JavaThread "Finalizer" daemon [_thread_blocked, id=84740, stack(0x00000056e8500000,0x00000056e8600000)]
  0x0000016ac1b9b1f0 JavaThread "Signal Dispatcher" daemon [_thread_blocked, id=72664, stack(0x00000056e8600000,0x00000056e8700000)]
  0x0000016ac1b9bab0 JavaThread "Attach Listener" daemon [_thread_blocked, id=76592, stack(0x00000056e8700000,0x00000056e8800000)]
  0x0000016ac1b9cb10 JavaThread "Service Thread" daemon [_thread_blocked, id=84512, stack(0x00000056e8800000,0x00000056e8900000)]
  0x0000016ac1b9db70 JavaThread "Monitor Deflation Thread" daemon [_thread_blocked, id=83292, stack(0x00000056e8900000,0x00000056e8a00000)]
=>0x0000016aa2ba3460 JavaThread "C2 CompilerThread0" daemon [_thread_in_native, id=79036, stack(0x00000056e8a00000,0x00000056e8b00000)]
  0x0000016aa2ba2a40 JavaThread "C1 CompilerThread0" daemon [_thread_in_native, id=88392, stack(0x00000056e8b00000,0x00000056e8c00000)]
  0x0000016ac1baf330 JavaThread "Sweeper thread" daemon [_thread_blocked, id=88796, stack(0x00000056e8c00000,0x00000056e8d00000)]
  0x0000016ac1b6f5e0 JavaThread "Common-Cleaner" daemon [_thread_blocked, id=70152, stack(0x00000056e8d00000,0x00000056e8e00000)]
  0x0000016ac28ca390 JavaThread "Monitor Ctrl-Break" daemon [_thread_in_native, id=90288, stack(0x00000056e8e00000,0x00000056e8f00000)]
  0x0000016ac28ca860 JavaThread "Notification Thread" daemon [_thread_blocked, id=78496, stack(0x00000056e8f00000,0x00000056e9000000)]
  0x0000016ac57c6d30 JavaThread "Catalina-utility-1" [_thread_blocked, id=76132, stack(0x00000056e9a00000,0x00000056e9b00000)]
  0x0000016ac4dbd2b0 JavaThread "Catalina-utility-2" [_thread_blocked, id=62800, stack(0x00000056e9b00000,0x00000056e9c00000)]
  0x0000016ac2c0b210 JavaThread "container-0" [_thread_blocked, id=76152, stack(0x00000056e9c00000,0x00000056e9d00000)]
  0x0000016ac516e630 JavaThread "mysql-cj-abandoned-connection-cleanup" daemon [_thread_blocked, id=87312, stack(0x00000056e9d00000,0x00000056e9e00000)]
  0x0000016ac3c43da0 JavaThread "HikariPool-1 housekeeper" daemon [_thread_blocked, id=89992, stack(0x00000056e9f00000,0x00000056ea000000)]
  0x0000016ac3c44270 JavaThread "http-nio-8080-exec-1" daemon [_thread_blocked, id=89736, stack(0x00000056ea100000,0x00000056ea200000)]
  0x0000016ac3c455b0 JavaThread "http-nio-8080-exec-2" daemon [_thread_in_vm, id=83760, stack(0x00000056ea200000,0x00000056ea300000)]
  0x0000016ac3c468f0 JavaThread "http-nio-8080-exec-3" daemon [_thread_blocked, id=80388, stack(0x00000056ea300000,0x00000056ea400000)]
  0x0000016ac3c46dc0 JavaThread "http-nio-8080-exec-4" daemon [_thread_blocked, id=88544, stack(0x00000056ea400000,0x00000056ea500000)]
  0x0000016ac3c45a80 JavaThread "http-nio-8080-exec-5" daemon [_thread_blocked, id=86548, stack(0x00000056ea500000,0x00000056ea600000)]
  0x0000016ac3c45f50 JavaThread "http-nio-8080-exec-6" daemon [_thread_blocked, id=72700, stack(0x00000056ea600000,0x00000056ea700000)]
  0x0000016ac3c46420 JavaThread "http-nio-8080-exec-7" daemon [_thread_blocked, id=81196, stack(0x00000056ea700000,0x00000056ea800000)]
  0x0000016ac257a5f0 JavaThread "http-nio-8080-exec-8" daemon [_thread_blocked, id=87444, stack(0x00000056ea800000,0x00000056ea900000)]
  0x0000016ac2574f50 JavaThread "http-nio-8080-exec-9" daemon [_thread_blocked, id=90240, stack(0x00000056ea900000,0x00000056eaa00000)]
  0x0000016ac25758f0 JavaThread "http-nio-8080-exec-10" daemon [_thread_blocked, id=89696, stack(0x00000056eaa00000,0x00000056eab00000)]
  0x0000016ac257b460 JavaThread "http-nio-8080-Poller" daemon [_thread_in_native, id=82008, stack(0x00000056eab00000,0x00000056eac00000)]
  0x0000016ac257b930 JavaThread "http-nio-8080-Acceptor" daemon [_thread_in_native, id=81116, stack(0x00000056eac00000,0x00000056ead00000)]
  0x0000016ac257c7a0 JavaThread "DestroyJavaVM" [_thread_blocked, id=90928, stack(0x00000056e7d00000,0x00000056e7e00000)]

Other Threads:
  0x0000016ac1b82f60 VMThread "VM Thread" [stack: 0x00000056e8300000,0x00000056e8400000] [id=12136]
  0x0000016aa2ba0020 WatcherThread [stack: 0x00000056e9000000,0x00000056e9100000] [id=16768]
  0x0000016aa4e27510 GCTaskThread "GC Thread#0" [stack: 0x00000056e7e00000,0x00000056e7f00000] [id=76740]
  0x0000016ac302f010 GCTaskThread "GC Thread#1" [stack: 0x00000056e9100000,0x00000056e9200000] [id=74116]
  0x0000016ac302fa80 GCTaskThread "GC Thread#2" [stack: 0x00000056e9200000,0x00000056e9300000] [id=87604]
  0x0000016ac307e140 GCTaskThread "GC Thread#3" [stack: 0x00000056e9300000,0x00000056e9400000] [id=87120]
  0x0000016ac307e3f0 GCTaskThread "GC Thread#4" [stack: 0x00000056e9400000,0x00000056e9500000] [id=89536]
  0x0000016ac307e6a0 GCTaskThread "GC Thread#5" [stack: 0x00000056e9500000,0x00000056e9600000] [id=81980]
  0x0000016ac3374860 GCTaskThread "GC Thread#6" [stack: 0x00000056e9700000,0x00000056e9800000] [id=7064]
  0x0000016ac356a9e0 GCTaskThread "GC Thread#7" [stack: 0x00000056e9800000,0x00000056e9900000] [id=88224]
  0x0000016aa4e37e60 ConcurrentGCThread "G1 Main Marker" [stack: 0x00000056e7f00000,0x00000056e8000000] [id=83260]
  0x0000016aa4e38dc0 ConcurrentGCThread "G1 Conc#0" [stack: 0x00000056e8000000,0x00000056e8100000] [id=89340]
  0x0000016ac395eb00 ConcurrentGCThread "G1 Conc#1" [stack: 0x00000056e9600000,0x00000056e9700000] [id=63672]
  0x0000016ac1a3d280 ConcurrentGCThread "G1 Refine#0" [stack: 0x00000056e8100000,0x00000056e8200000] [id=84312]
  0x0000016ac4214970 ConcurrentGCThread "G1 Refine#1" [stack: 0x00000056e9900000,0x00000056e9a00000] [id=53408]
  0x0000016ac1a3ea60 ConcurrentGCThread "G1 Service" [stack: 0x00000056e8200000,0x00000056e8300000] [id=90088]

Threads with active compile tasks:
C2 CompilerThread0    46469 5485       4       java.lang.invoke.MethodType::makeImpl (109 bytes)
C1 CompilerThread0    46469 5500       3       java.util.regex.Pattern::atom (422 bytes)

VM state: not at safepoint (normal execution)

VM Mutex/Monitor currently owned by a thread: None

Heap address: 0x00000000a1e00000, size: 1506 MB, Compressed Oops mode: 32-bit

CDS archive(s) mapped at: [0x0000000800000000-0x0000000800bd0000-0x0000000800bd0000), size 12386304, SharedBaseAddress: 0x0000000800000000, ArchiveRelocationMode: 0.
Compressed class space mapped at: 0x0000000800c00000-0x0000000840c00000, reserved size: 1073741824
Narrow klass base: 0x0000000800000000, Narrow klass shift: 0, Narrow klass range: 0x100000000

GC Precious Log:
 CPUs: 8 total, 8 available
 Memory: 6020M
 Large Page Support: Disabled
 NUMA Support: Disabled
 Compressed Oops: Enabled (32-bit)
 Heap Region Size: 1M
 Heap Min Capacity: 8M
 Heap Initial Capacity: 96M
 Heap Max Capacity: 1506M
 Pre-touch: Disabled
 Parallel Workers: 8
 Concurrent Workers: 2
 Concurrent Refinement Workers: 8
 Periodic GC: Disabled

Heap:
 garbage-first heap   total 65536K, used 37861K [0x00000000a1e00000, 0x0000000100000000)
  region size 1024K, 13 young (13312K), 1 survivors (1024K)
 Metaspace       used 64739K, committed 65280K, reserved 1105920K
  class space    used 8835K, committed 9088K, reserved 1048576K

Heap Regions: E=young(eden), S=young(survivor), O=old, HS=humongous(starts), HC=humongous(continues), CS=collection set, F=free, OA=open archive, CA=closed archive, TAMS=top-at-mark-start (previous, next)
|   0|0x00000000a1e00000, 0x00000000a1f00000, 0x00000000a1f00000|100%|HS|  |TAMS 0x00000000a1f00000, 0x00000000a1e00000| Complete 
|   1|0x00000000a1f00000, 0x00000000a2000000, 0x00000000a2000000|100%| O|  |TAMS 0x00000000a2000000, 0x00000000a1f00000| Untracked 
|   2|0x00000000a2000000, 0x00000000a2100000, 0x00000000a2100000|100%| O|  |TAMS 0x00000000a2100000, 0x00000000a2000000| Untracked 
|   3|0x00000000a2100000, 0x00000000a2200000, 0x00000000a2200000|100%| O|  |TAMS 0x00000000a2200000, 0x00000000a2100000| Untracked 
|   4|0x00000000a2200000, 0x00000000a2300000, 0x00000000a2300000|100%| O|  |TAMS 0x00000000a2300000, 0x00000000a2200000| Untracked 
|   5|0x00000000a2300000, 0x00000000a2400000, 0x00000000a2400000|100%| O|  |TAMS 0x00000000a2400000, 0x00000000a2300000| Untracked 
|   6|0x00000000a2400000, 0x00000000a2500000, 0x00000000a2500000|100%| O|  |TAMS 0x00000000a2500000, 0x00000000a2400000| Untracked 
|   7|0x00000000a2500000, 0x00000000a2600000, 0x00000000a2600000|100%| O|  |TAMS 0x00000000a2600000, 0x00000000a2500000| Untracked 
|   8|0x00000000a2600000, 0x00000000a2700000, 0x00000000a2700000|100%| O|  |TAMS 0x00000000a2700000, 0x00000000a2600000| Untracked 
|   9|0x00000000a2700000, 0x00000000a2800000, 0x00000000a2800000|100%| O|  |TAMS 0x00000000a2800000, 0x00000000a2700000| Untracked 
|  10|0x00000000a2800000, 0x00000000a2900000, 0x00000000a2900000|100%| O|  |TAMS 0x00000000a2900000, 0x00000000a2800000| Untracked 
|  11|0x00000000a2900000, 0x00000000a2a00000, 0x00000000a2a00000|100%| O|  |TAMS 0x00000000a2a00000, 0x00000000a2900000| Untracked 
|  12|0x00000000a2a00000, 0x00000000a2b00000, 0x00000000a2b00000|100%| O|  |TAMS 0x00000000a2b00000, 0x00000000a2a00000| Untracked 
|  13|0x00000000a2b00000, 0x00000000a2c00000, 0x00000000a2c00000|100%| O|  |TAMS 0x00000000a2c00000, 0x00000000a2b00000| Untracked 
|  14|0x00000000a2c00000, 0x00000000a2c00000, 0x00000000a2d00000|  0%| F|  |TAMS 0x00000000a2c00000, 0x00000000a2c00000| Untracked 
|  15|0x00000000a2d00000, 0x00000000a2e00000, 0x00000000a2e00000|100%| O|  |TAMS 0x00000000a2d39a00, 0x00000000a2d00000| Untracked 
|  16|0x00000000a2e00000, 0x00000000a2f00000, 0x00000000a2f00000|100%| O|  |TAMS 0x00000000a2f00000, 0x00000000a2e00000| Untracked 
|  17|0x00000000a2f00000, 0x00000000a3000000, 0x00000000a3000000|100%| O|  |TAMS 0x00000000a3000000, 0x00000000a2f00000| Untracked 
|  18|0x00000000a3000000, 0x00000000a3100000, 0x00000000a3100000|100%| O|  |TAMS 0x00000000a3100000, 0x00000000a3000000| Untracked 
|  19|0x00000000a3100000, 0x00000000a3200000, 0x00000000a3200000|100%| O|  |TAMS 0x00000000a3200000, 0x00000000a3100000| Untracked 
|  20|0x00000000a3200000, 0x00000000a3300000, 0x00000000a3300000|100%| O|  |TAMS 0x00000000a3300000, 0x00000000a3200000| Untracked 
|  21|0x00000000a3300000, 0x00000000a3400000, 0x00000000a3400000|100%| O|  |TAMS 0x00000000a3300000, 0x00000000a3300000| Untracked 
|  22|0x00000000a3400000, 0x00000000a3500000, 0x00000000a3500000|100%| O|  |TAMS 0x00000000a3400000, 0x00000000a3400000| Untracked 
|  23|0x00000000a3500000, 0x00000000a3600000, 0x00000000a3600000|100%| O|  |TAMS 0x00000000a3500000, 0x00000000a3500000| Untracked 
|  24|0x00000000a3600000, 0x00000000a3700000, 0x00000000a3700000|100%| O|  |TAMS 0x00000000a3600000, 0x00000000a3600000| Untracked 
|  25|0x00000000a3700000, 0x00000000a3800000, 0x00000000a3800000|100%| O|  |TAMS 0x00000000a3700000, 0x00000000a3700000| Untracked 
|  26|0x00000000a3800000, 0x00000000a3860600, 0x00000000a3900000| 37%| O|  |TAMS 0x00000000a3800000, 0x00000000a3800000| Untracked 
|  27|0x00000000a3900000, 0x00000000a3900000, 0x00000000a3a00000|  0%| F|  |TAMS 0x00000000a3900000, 0x00000000a3900000| Untracked 
|  28|0x00000000a3a00000, 0x00000000a3a00000, 0x00000000a3b00000|  0%| F|  |TAMS 0x00000000a3a00000, 0x00000000a3a00000| Untracked 
|  29|0x00000000a3b00000, 0x00000000a3b00000, 0x00000000a3c00000|  0%| F|  |TAMS 0x00000000a3b00000, 0x00000000a3b00000| Untracked 
|  30|0x00000000a3c00000, 0x00000000a3c00000, 0x00000000a3d00000|  0%| F|  |TAMS 0x00000000a3c00000, 0x00000000a3c00000| Untracked 
|  31|0x00000000a3d00000, 0x00000000a3d00000, 0x00000000a3e00000|  0%| F|  |TAMS 0x00000000a3d00000, 0x00000000a3d00000| Untracked 
|  32|0x00000000a3e00000, 0x00000000a3e00000, 0x00000000a3f00000|  0%| F|  |TAMS 0x00000000a3e00000, 0x00000000a3e00000| Untracked 
|  33|0x00000000a3f00000, 0x00000000a3f00000, 0x00000000a4000000|  0%| F|  |TAMS 0x00000000a3f00000, 0x00000000a3f00000| Untracked 
|  34|0x00000000a4000000, 0x00000000a4000000, 0x00000000a4100000|  0%| F|  |TAMS 0x00000000a4000000, 0x00000000a4000000| Untracked 
|  35|0x00000000a4100000, 0x00000000a4100000, 0x00000000a4200000|  0%| F|  |TAMS 0x00000000a4100000, 0x00000000a4100000| Untracked 
|  36|0x00000000a4200000, 0x00000000a4200000, 0x00000000a4300000|  0%| F|  |TAMS 0x00000000a4200000, 0x00000000a4200000| Untracked 
|  37|0x00000000a4300000, 0x00000000a4300000, 0x00000000a4400000|  0%| F|  |TAMS 0x00000000a4300000, 0x00000000a4300000| Untracked 
|  38|0x00000000a4400000, 0x00000000a4400000, 0x00000000a4500000|  0%| F|  |TAMS 0x00000000a4400000, 0x00000000a4400000| Untracked 
|  39|0x00000000a4500000, 0x00000000a4500000, 0x00000000a4600000|  0%| F|  |TAMS 0x00000000a4500000, 0x00000000a4500000| Untracked 
|  40|0x00000000a4600000, 0x00000000a4600000, 0x00000000a4700000|  0%| F|  |TAMS 0x00000000a4600000, 0x00000000a4600000| Untracked 
|  41|0x00000000a4700000, 0x00000000a4700000, 0x00000000a4800000|  0%| F|  |TAMS 0x00000000a4700000, 0x00000000a4700000| Untracked 
|  42|0x00000000a4800000, 0x00000000a4800000, 0x00000000a4900000|  0%| F|  |TAMS 0x00000000a4800000, 0x00000000a4800000| Untracked 
|  43|0x00000000a4900000, 0x00000000a4900000, 0x00000000a4a00000|  0%| F|  |TAMS 0x00000000a4900000, 0x00000000a4900000| Untracked 
|  44|0x00000000a4a00000, 0x00000000a4a00000, 0x00000000a4b00000|  0%| F|  |TAMS 0x00000000a4a00000, 0x00000000a4a00000| Untracked 
|  45|0x00000000a4b00000, 0x00000000a4b00000, 0x00000000a4c00000|  0%| F|  |TAMS 0x00000000a4b00000, 0x00000000a4b00000| Untracked 
|  46|0x00000000a4c00000, 0x00000000a4c00000, 0x00000000a4d00000|  0%| F|  |TAMS 0x00000000a4c00000, 0x00000000a4c00000| Untracked 
|  47|0x00000000a4d00000, 0x00000000a4d00000, 0x00000000a4e00000|  0%| F|  |TAMS 0x00000000a4d00000, 0x00000000a4d00000| Untracked 
|  48|0x00000000a4e00000, 0x00000000a4e00000, 0x00000000a4f00000|  0%| F|  |TAMS 0x00000000a4e00000, 0x00000000a4e00000| Untracked 
|  49|0x00000000a4f00000, 0x00000000a4f00000, 0x00000000a5000000|  0%| F|  |TAMS 0x00000000a4f00000, 0x00000000a4f00000| Untracked 
|  50|0x00000000a5000000, 0x00000000a5000000, 0x00000000a5100000|  0%| F|  |TAMS 0x00000000a5000000, 0x00000000a5000000| Untracked 
|  51|0x00000000a5100000, 0x00000000a51ed1a8, 0x00000000a5200000| 92%| E|  |TAMS 0x00000000a5100000, 0x00000000a5100000| Complete 
|  52|0x00000000a5200000, 0x00000000a5300000, 0x00000000a5300000|100%| E|CS|TAMS 0x00000000a5200000, 0x00000000a5200000| Complete 
|  53|0x00000000a5300000, 0x00000000a5400000, 0x00000000a5400000|100%| E|CS|TAMS 0x00000000a5300000, 0x00000000a5300000| Complete 
|  54|0x00000000a5400000, 0x00000000a5500000, 0x00000000a5500000|100%| E|CS|TAMS 0x00000000a5400000, 0x00000000a5400000| Complete 
|  55|0x00000000a5500000, 0x00000000a5600000, 0x00000000a5600000|100%| E|CS|TAMS 0x00000000a5500000, 0x00000000a5500000| Complete 
|  56|0x00000000a5600000, 0x00000000a5700000, 0x00000000a5700000|100%| E|CS|TAMS 0x00000000a5600000, 0x00000000a5600000| Complete 
|  57|0x00000000a5700000, 0x00000000a5800000, 0x00000000a5800000|100%| E|CS|TAMS 0x00000000a5700000, 0x00000000a5700000| Complete 
|  58|0x00000000a5800000, 0x00000000a5900000, 0x00000000a5900000|100%| E|CS|TAMS 0x00000000a5800000, 0x00000000a5800000| Complete 
|  59|0x00000000a5900000, 0x00000000a5a00000, 0x00000000a5a00000|100%| E|CS|TAMS 0x00000000a5900000, 0x00000000a5900000| Complete 
|  60|0x00000000a5a00000, 0x00000000a5b00000, 0x00000000a5b00000|100%| E|CS|TAMS 0x00000000a5a00000, 0x00000000a5a00000| Complete 
|  61|0x00000000a5b00000, 0x00000000a5c00000, 0x00000000a5c00000|100%| E|CS|TAMS 0x00000000a5b00000, 0x00000000a5b00000| Complete 
|  62|0x00000000a5c00000, 0x00000000a5c990e8, 0x00000000a5d00000| 59%| S|CS|TAMS 0x00000000a5c00000, 0x00000000a5c00000| Complete 
|  95|0x00000000a7d00000, 0x00000000a7e00000, 0x00000000a7e00000|100%| E|CS|TAMS 0x00000000a7d00000, 0x00000000a7d00000| Complete 

Card table byte_map: [0x0000016abbc50000,0x0000016abbf50000] _byte_map_base: 0x0000016abb741000

Marking Bits (Prev, Next): (CMBitMap*) 0x0000016aa4e29920, (CMBitMap*) 0x0000016aa4e298e0
 Prev Bits: [0x0000016abd9e0000, 0x0000016abf168000)
 Next Bits: [0x0000016abc250000, 0x0000016abd9d8000)

Polling page: 0x0000016aa4560000

Metaspace:

Usage:
  Non-class:     54.60 MB used.
      Class:      8.63 MB used.
       Both:     63.23 MB used.

Virtual space:
  Non-class space:       56.00 MB reserved,      54.88 MB ( 98%) committed,  7 nodes.
      Class space:        1.00 GB reserved,       8.88 MB ( <1%) committed,  1 nodes.
             Both:        1.05 GB reserved,      63.75 MB (  6%) committed. 

Chunk freelists:
   Non-Class:  992.00 KB
       Class:  3.16 MB
        Both:  4.12 MB

MaxMetaspaceSize: unlimited
CompressedClassSpaceSize: 1.00 GB
Initial GC threshold: 21.00 MB
Current GC threshold: 98.69 MB
CDS: on
MetaspaceReclaimPolicy: balanced
 - commit_granule_bytes: 65536.
 - commit_granule_words: 8192.
 - virtual_space_node_default_size: 1048576.
 - enlarge_chunks_in_place: 1.
 - new_chunks_are_fully_committed: 0.
 - uncommit_free_chunks: 1.
 - use_allocation_guard: 0.
 - handle_deallocations: 1.


Internal statistics:

num_allocs_failed_limit: 9.
num_arena_births: 718.
num_arena_deaths: 0.
num_vsnodes_births: 8.
num_vsnodes_deaths: 0.
num_space_committed: 1020.
num_space_uncommitted: 0.
num_chunks_returned_to_freelist: 9.
num_chunks_taken_from_freelist: 2969.
num_chunk_merges: 3.
num_chunk_splits: 2159.
num_chunks_enlarged: 1707.
num_purges: 0.
num_inconsistent_stats: 0.

CodeHeap 'non-profiled nmethods': size=120000Kb used=2970Kb max_used=2970Kb free=117029Kb
 bounds [0x0000016ab40e0000, 0x0000016ab43d0000, 0x0000016abb610000]
CodeHeap 'profiled nmethods': size=120000Kb used=10630Kb max_used=10630Kb free=109369Kb
 bounds [0x0000016aac610000, 0x0000016aad080000, 0x0000016ab3b40000]
CodeHeap 'non-nmethods': size=5760Kb used=1362Kb max_used=1410Kb free=4397Kb
 bounds [0x0000016ab3b40000, 0x0000016ab3db0000, 0x0000016ab40e0000]
 total_blobs=6164 nmethods=5467 adapters=609
 compilation: enabled
              stopped_count=0, restarted_count=0
 full_count=0

Compilation events (20 events):
Event: 46.284 Thread 0x0000016aa2ba2a40 nmethod 5482 0x0000016aad06e190 code [0x0000016aad06e340, 0x0000016aad06e6d8]
Event: 46.293 Thread 0x0000016aa2ba2a40 5483       3       java.lang.invoke.LambdaFormEditor::filterArgumentsForm (74 bytes)
Event: 46.293 Thread 0x0000016aa2ba2a40 nmethod 5483 0x0000016aad06e810 code [0x0000016aad06e9e0, 0x0000016aad06ec78]
Event: 46.295 Thread 0x0000016aa2ba2a40 5487       3       java.lang.invoke.InvokerBytecodeGenerator::classData (170 bytes)
Event: 46.296 Thread 0x0000016aa2ba2a40 nmethod 5487 0x0000016aad06ed90 code [0x0000016aad06f020, 0x0000016aad06fd88]
Event: 46.296 Thread 0x0000016aa2ba2a40 5489       3       java.lang.invoke.LambdaFormBuffer::insertExpression (30 bytes)
Event: 46.296 Thread 0x0000016aa2ba2a40 nmethod 5489 0x0000016aad070090 code [0x0000016aad070240, 0x0000016aad0703a8]
Event: 46.297 Thread 0x0000016aa2ba2a40 5490       3       java.lang.invoke.MethodTypeForm::findForm (24 bytes)
Event: 46.297 Thread 0x0000016aa2ba2a40 nmethod 5490 0x0000016aad070490 code [0x0000016aad070640, 0x0000016aad070898]
Event: 46.305 Thread 0x0000016aa2ba3460 nmethod 5480 0x0000016ab43c4710 code [0x0000016ab43c4920, 0x0000016ab43c5ba0]
Event: 46.305 Thread 0x0000016aa2ba3460 5485       4       java.lang.invoke.MethodType::makeImpl (109 bytes)
Event: 46.355 Thread 0x0000016aa2ba2a40 5495       1       java.lang.Module::getName (5 bytes)
Event: 46.355 Thread 0x0000016aa2ba2a40 nmethod 5495 0x0000016ab43c6690 code [0x0000016ab43c6820, 0x0000016ab43c68f8]
Event: 46.357 Thread 0x0000016aa2ba2a40 5497       3       org.springframework.core.annotation.TypeMappedAnnotations::get (52 bytes)
Event: 46.357 Thread 0x0000016aa2ba2a40 nmethod 5497 0x0000016aad070990 code [0x0000016aad070ba0, 0x0000016aad071208]
Event: 46.378 Thread 0x0000016aa2ba2a40 5498       3       java.lang.invoke.BoundMethodHandle::copyWith (7 bytes)
Event: 46.378 Thread 0x0000016aa2ba2a40 nmethod 5498 0x0000016aad071410 code [0x0000016aad0715c0, 0x0000016aad071788]
Event: 46.390 Thread 0x0000016aa2ba2a40 5499       3       java.util.regex.Pattern::nextEscaped (19 bytes)
Event: 46.391 Thread 0x0000016aa2ba2a40 nmethod 5499 0x0000016aad071810 code [0x0000016aad0719a0, 0x0000016aad071ad8]
Event: 46.391 Thread 0x0000016aa2ba2a40 5500       3       java.util.regex.Pattern::atom (422 bytes)

GC Heap History (20 events):
Event: 7.282 GC heap before
{Heap before GC invocations=7 (full 0):
 garbage-first heap   total 48128K, used 34021K [0x00000000a1e00000, 0x0000000100000000)
  region size 1024K, 20 young (20480K), 2 survivors (2048K)
 Metaspace       used 34798K, committed 35264K, reserved 1081344K
  class space    used 4476K, committed 4672K, reserved 1048576K
}
Event: 7.286 GC heap after
{Heap after GC invocations=8 (full 0):
 garbage-first heap   total 48128K, used 18804K [0x00000000a1e00000, 0x0000000100000000)
  region size 1024K, 3 young (3072K), 3 survivors (3072K)
 Metaspace       used 34798K, committed 35264K, reserved 1081344K
  class space    used 4476K, committed 4672K, reserved 1048576K
}
Event: 7.338 GC heap before
{Heap before GC invocations=8 (full 0):
 garbage-first heap   total 48128K, used 18804K [0x00000000a1e00000, 0x0000000100000000)
  region size 1024K, 4 young (4096K), 3 survivors (3072K)
 Metaspace       used 35527K, committed 35968K, reserved 1081344K
  class space    used 4567K, committed 4800K, reserved 1048576K
}
Event: 7.340 GC heap after
{Heap after GC invocations=9 (full 0):
 garbage-first heap   total 48128K, used 19045K [0x00000000a1e00000, 0x0000000100000000)
  region size 1024K, 1 young (1024K), 1 survivors (1024K)
 Metaspace       used 35527K, committed 35968K, reserved 1081344K
  class space    used 4567K, committed 4800K, reserved 1048576K
}
Event: 8.052 GC heap before
{Heap before GC invocations=10 (full 0):
 garbage-first heap   total 48128K, used 34405K [0x00000000a1e00000, 0x0000000100000000)
  region size 1024K, 17 young (17408K), 1 survivors (1024K)
 Metaspace       used 40655K, committed 41088K, reserved 1089536K
  class space    used 5221K, committed 5440K, reserved 1048576K
}
Event: 8.055 GC heap after
{Heap after GC invocations=11 (full 0):
 garbage-first heap   total 48128K, used 19988K [0x00000000a1e00000, 0x0000000100000000)
  region size 1024K, 2 young (2048K), 2 survivors (2048K)
 Metaspace       used 40655K, committed 41088K, reserved 1089536K
  class space    used 5221K, committed 5440K, reserved 1048576K
}
Event: 8.086 GC heap before
{Heap before GC invocations=11 (full 0):
 garbage-first heap   total 48128K, used 21012K [0x00000000a1e00000, 0x0000000100000000)
  region size 1024K, 3 young (3072K), 2 survivors (2048K)
 Metaspace       used 40857K, committed 41344K, reserved 1089536K
  class space    used 5259K, committed 5504K, reserved 1048576K
}
Event: 8.089 GC heap after
{Heap after GC invocations=12 (full 0):
 garbage-first heap   total 48128K, used 19826K [0x00000000a1e00000, 0x0000000100000000)
  region size 1024K, 1 young (1024K), 1 survivors (1024K)
 Metaspace       used 40857K, committed 41344K, reserved 1089536K
  class space    used 5259K, committed 5504K, reserved 1048576K
}
Event: 8.814 GC heap before
{Heap before GC invocations=12 (full 0):
 garbage-first heap   total 48128K, used 35186K [0x00000000a1e00000, 0x0000000100000000)
  region size 1024K, 17 young (17408K), 1 survivors (1024K)
 Metaspace       used 45046K, committed 45504K, reserved 1089536K
  class space    used 5945K, committed 6144K, reserved 1048576K
}
Event: 8.816 GC heap after
{Heap after GC invocations=13 (full 0):
 garbage-first heap   total 65536K, used 20745K [0x00000000a1e00000, 0x0000000100000000)
  region size 1024K, 2 young (2048K), 2 survivors (2048K)
 Metaspace       used 45046K, committed 45504K, reserved 1089536K
  class space    used 5945K, committed 6144K, reserved 1048576K
}
Event: 9.672 GC heap before
{Heap before GC invocations=13 (full 0):
 garbage-first heap   total 65536K, used 47369K [0x00000000a1e00000, 0x0000000100000000)
  region size 1024K, 29 young (29696K), 2 survivors (2048K)
 Metaspace       used 53132K, committed 53568K, reserved 1097728K
  class space    used 7097K, committed 7296K, reserved 1048576K
}
Event: 9.677 GC heap after
{Heap after GC invocations=14 (full 0):
 garbage-first heap   total 65536K, used 21912K [0x00000000a1e00000, 0x0000000100000000)
  region size 1024K, 3 young (3072K), 3 survivors (3072K)
 Metaspace       used 53132K, committed 53568K, reserved 1097728K
  class space    used 7097K, committed 7296K, reserved 1048576K
}
Event: 10.404 GC heap before
{Heap before GC invocations=14 (full 0):
 garbage-first heap   total 65536K, used 49560K [0x00000000a1e00000, 0x0000000100000000)
  region size 1024K, 30 young (30720K), 3 survivors (3072K)
 Metaspace       used 59777K, committed 60288K, reserved 1105920K
  class space    used 8089K, committed 8320K, reserved 1048576K
}
Event: 10.408 GC heap after
{Heap after GC invocations=15 (full 0):
 garbage-first heap   total 65536K, used 23649K [0x00000000a1e00000, 0x0000000100000000)
  region size 1024K, 3 young (3072K), 3 survivors (3072K)
 Metaspace       used 59777K, committed 60288K, reserved 1105920K
  class space    used 8089K, committed 8320K, reserved 1048576K
}
Event: 10.428 GC heap before
{Heap before GC invocations=15 (full 0):
 garbage-first heap   total 65536K, used 23649K [0x00000000a1e00000, 0x0000000100000000)
  region size 1024K, 4 young (4096K), 3 survivors (3072K)
 Metaspace       used 59991K, committed 60416K, reserved 1105920K
  class space    used 8113K, committed 8320K, reserved 1048576K
}
Event: 10.431 GC heap after
{Heap after GC invocations=16 (full 0):
 garbage-first heap   total 65536K, used 23852K [0x00000000a1e00000, 0x0000000100000000)
  region size 1024K, 2 young (2048K), 2 survivors (2048K)
 Metaspace       used 59991K, committed 60416K, reserved 1105920K
  class space    used 8113K, committed 8320K, reserved 1048576K
}
Event: 11.056 GC heap before
{Heap before GC invocations=17 (full 0):
 garbage-first heap   total 65536K, used 49452K [0x00000000a1e00000, 0x0000000100000000)
  region size 1024K, 28 young (28672K), 2 survivors (2048K)
 Metaspace       used 62548K, committed 63040K, reserved 1105920K
  class space    used 8563K, committed 8768K, reserved 1048576K
}
Event: 11.061 GC heap after
{Heap after GC invocations=18 (full 0):
 garbage-first heap   total 65536K, used 26193K [0x00000000a1e00000, 0x0000000100000000)
  region size 1024K, 4 young (4096K), 4 survivors (4096K)
 Metaspace       used 62548K, committed 63040K, reserved 1105920K
  class space    used 8563K, committed 8768K, reserved 1048576K
}
Event: 11.097 GC heap before
{Heap before GC invocations=18 (full 0):
 garbage-first heap   total 65536K, used 27217K [0x00000000a1e00000, 0x0000000100000000)
  region size 1024K, 5 young (5120K), 4 survivors (4096K)
 Metaspace       used 62634K, committed 63104K, reserved 1105920K
  class space    used 8579K, committed 8768K, reserved 1048576K
}
Event: 11.103 GC heap after
{Heap after GC invocations=19 (full 0):
 garbage-first heap   total 65536K, used 26597K [0x00000000a1e00000, 0x0000000100000000)
  region size 1024K, 1 young (1024K), 1 survivors (1024K)
 Metaspace       used 62634K, committed 63104K, reserved 1105920K
  class space    used 8579K, committed 8768K, reserved 1048576K
}

Deoptimization events (20 events):
Event: 11.110 Thread 0x0000016aa4ddd0f0 DEOPT PACKING pc=0x0000016ab4223bbc sp=0x00000056e7dfe6b0
Event: 11.110 Thread 0x0000016aa4ddd0f0 DEOPT UNPACKING pc=0x0000016ab3b923a3 sp=0x00000056e7dfe640 mode 2
Event: 11.175 Thread 0x0000016aa4ddd0f0 Uncommon trap: trap_request=0xffffff45 fr.pc=0x0000016ab4143c60 relative=0x0000000000000060
Event: 11.175 Thread 0x0000016aa4ddd0f0 Uncommon trap: reason=unstable_if action=reinterpret pc=0x0000016ab4143c60 method=org.springframework.util.ConcurrentReferenceHashMap$Segment.clear()V @ 7 c2
Event: 11.175 Thread 0x0000016aa4ddd0f0 DEOPT PACKING pc=0x0000016ab4143c60 sp=0x00000056e7dfeff0
Event: 11.175 Thread 0x0000016aa4ddd0f0 DEOPT UNPACKING pc=0x0000016ab3b923a3 sp=0x00000056e7dfef80 mode 2
Event: 11.207 Thread 0x0000016aa4ddd0f0 DEOPT PACKING pc=0x0000016aac82cba3 sp=0x00000056e7dfc2f0
Event: 11.207 Thread 0x0000016aa4ddd0f0 DEOPT UNPACKING pc=0x0000016ab3b92b43 sp=0x00000056e7dfb760 mode 0
Event: 11.791 Thread 0x0000016ac516e630 Uncommon trap: trap_request=0xffffff45 fr.pc=0x0000016ab42b1480 relative=0x0000000000003fe0
Event: 11.791 Thread 0x0000016ac516e630 Uncommon trap: reason=unstable_if action=reinterpret pc=0x0000016ab42b1480 method=java.net.URL.<init>(Ljava/net/URL;Ljava/lang/String;Ljava/net/URLStreamHandler;)V @ 57 c2
Event: 11.791 Thread 0x0000016ac516e630 DEOPT PACKING pc=0x0000016ab42b1480 sp=0x00000056e9dff000
Event: 11.791 Thread 0x0000016ac516e630 DEOPT UNPACKING pc=0x0000016ab3b923a3 sp=0x00000056e9dfefc0 mode 2
Event: 46.242 Thread 0x0000016ac3c44270 Uncommon trap: trap_request=0xffffff54 fr.pc=0x0000016ab4217380 relative=0x0000000000004d40
Event: 46.242 Thread 0x0000016ac3c44270 Uncommon trap: reason=speculate_null_assert action=make_not_entrant pc=0x0000016ab4217380 method=java.lang.invoke.MethodType$ConcurrentWeakInternSet.add(Ljava/lang/Object;)Ljava/lang/Object; @ 47 c2
Event: 46.242 Thread 0x0000016ac3c44270 DEOPT PACKING pc=0x0000016ab4217380 sp=0x00000056ea1fe620
Event: 46.242 Thread 0x0000016ac3c44270 DEOPT UNPACKING pc=0x0000016ab3b923a3 sp=0x00000056ea1fe5b8 mode 2
Event: 46.272 Thread 0x0000016ac3c44270 DEOPT PACKING pc=0x0000016aacda61b1 sp=0x00000056ea1fe070
Event: 46.272 Thread 0x0000016ac3c44270 DEOPT UNPACKING pc=0x0000016ab3b92b43 sp=0x00000056ea1fd560 mode 0
Event: 46.348 Thread 0x0000016ac3c455b0 DEOPT PACKING pc=0x0000016aacda7c31 sp=0x00000056ea2fdb60
Event: 46.348 Thread 0x0000016ac3c455b0 DEOPT UNPACKING pc=0x0000016ab3b92b43 sp=0x00000056ea2fd018 mode 0

Classes unloaded (0 events):
No events

Classes redefined (0 events):
No events

Internal exceptions (20 events):
Event: 10.193 Thread 0x0000016aa4ddd0f0 Exception <a 'java/lang/NoSuchMethodError'{0x00000000a4c288c0}: 'void java.lang.invoke.DirectMethodHandle$Holder.invokeInterface(java.lang.Object, java.lang.Object)'> (0x00000000a4c288c0) 
thrown [s\open\src\hotspot\share\interpreter\linkResolver.cpp, line 759]
Event: 10.199 Thread 0x0000016aa4ddd0f0 Exception <a 'java/lang/NoSuchMethodError'{0x00000000a4c5b578}: 'java.lang.Object java.lang.invoke.DirectMethodHandle$Holder.newInvokeSpecial(java.lang.Object, java.lang.Object, int, java.lang.Object, int, java.lang.Object, java.lang.Object)'> (0x00000000a4c5b578) 
thrown [s\open\src\hotspot\share\interpreter\linkResolver.cpp, line 759]
Event: 10.319 Thread 0x0000016aa4ddd0f0 Exception <a 'java/lang/IncompatibleClassChangeError'{0x00000000a4662178}: Found class java.lang.Object, but interface was expected> (0x00000000a4662178) 
thrown [s\open\src\hotspot\share\interpreter\linkResolver.cpp, line 826]
Event: 10.330 Thread 0x0000016aa4ddd0f0 Exception <a 'java/lang/IncompatibleClassChangeError'{0x00000000a46d9b30}: Found class java.lang.Object, but interface was expected> (0x00000000a46d9b30) 
thrown [s\open\src\hotspot\share\interpreter\linkResolver.cpp, line 826]
Event: 10.371 Thread 0x0000016aa4ddd0f0 Exception <a 'java/lang/IncompatibleClassChangeError'{0x00000000a44386a8}: Found class java.lang.Object, but interface was expected> (0x00000000a44386a8) 
thrown [s\open\src\hotspot\share\interpreter\linkResolver.cpp, line 826]
Event: 10.564 Thread 0x0000016aa4ddd0f0 Exception <a 'java/lang/IncompatibleClassChangeError'{0x00000000a58b5f30}: Found class java.lang.Object, but interface was expected> (0x00000000a58b5f30) 
thrown [s\open\src\hotspot\share\interpreter\linkResolver.cpp, line 826]
Event: 10.648 Thread 0x0000016aa4ddd0f0 Exception <a 'java/lang/NoSuchMethodError'{0x00000000a52a35f8}: 'java.lang.Object java.lang.invoke.DirectMethodHandle$Holder.invokeInterface(java.lang.Object, java.lang.Object, java.lang.Object, java.lang.Object)'> (0x00000000a52a35f8) 
thrown [s\open\src\hotspot\share\interpreter\linkResolver.cpp, line 759]
Event: 10.856 Thread 0x0000016aa4ddd0f0 Exception <a 'java/lang/NoSuchMethodError'{0x00000000a4a30968}: 'void java.lang.invoke.DirectMethodHandle$Holder.invokeStatic(java.lang.Object, java.lang.Object, int)'> (0x00000000a4a30968) 
thrown [s\open\src\hotspot\share\interpreter\linkResolver.cpp, line 759]
Event: 10.872 Thread 0x0000016aa4ddd0f0 Exception <a 'sun/nio/fs/WindowsException'{0x00000000a4ac19d0}> (0x00000000a4ac19d0) 
thrown [s\open\src\hotspot\share\prims\jni.cpp, line 516]
Event: 10.941 Thread 0x0000016aa4ddd0f0 Exception <a 'java/lang/IncompatibleClassChangeError'{0x00000000a4688310}: Found class java.lang.Object, but interface was expected> (0x00000000a4688310) 
thrown [s\open\src\hotspot\share\interpreter\linkResolver.cpp, line 826]
Event: 10.946 Thread 0x0000016aa4ddd0f0 Implicit null exception at 0x0000016ab41dbebd to 0x0000016ab41dbf76
Event: 10.974 Thread 0x0000016aa4ddd0f0 Exception <a 'java/lang/NoSuchMethodError'{0x00000000a458f448}: 'void java.lang.invoke.DirectMethodHandle$Holder.invokeVirtual(java.lang.Object, java.lang.Object, long)'> (0x00000000a458f448) 
thrown [s\open\src\hotspot\share\interpreter\linkResolver.cpp, line 759]
Event: 11.092 Thread 0x0000016aa4ddd0f0 Exception <a 'java/lang/IncompatibleClassChangeError'{0x00000000a7dd1e40}: Found class java.lang.Object, but interface was expected> (0x00000000a7dd1e40) 
thrown [s\open\src\hotspot\share\interpreter\linkResolver.cpp, line 826]
Event: 11.109 Thread 0x0000016aa4ddd0f0 Implicit null exception at 0x0000016ab42239ba to 0x0000016ab4223ba8
Event: 11.177 Thread 0x0000016aa4ddd0f0 Exception <a 'java/lang/NoSuchMethodError'{0x00000000a59e0f50}: 'java.lang.Object java.lang.invoke.DirectMethodHandle$Holder.newInvokeSpecial(java.lang.Object, java.lang.Object, int, java.lang.Object, java.lang.Object)'> (0x00000000a59e0f50) 
thrown [s\open\src\hotspot\share\interpreter\linkResolver.cpp, line 759]
Event: 11.178 Thread 0x0000016aa4ddd0f0 Exception <a 'java/lang/NoSuchMethodError'{0x00000000a59ec720}: 'java.lang.Object java.lang.invoke.DirectMethodHandle$Holder.invokeSpecial(java.lang.Object, java.lang.Object, int, java.lang.Object, int, java.lang.Object)'> (0x00000000a59ec720) 
thrown [s\open\src\hotspot\share\interpreter\linkResolver.cpp, line 759]
Event: 11.179 Thread 0x0000016aa4ddd0f0 Exception <a 'java/lang/NoSuchMethodError'{0x00000000a59f4528}: 'java.lang.Object java.lang.invoke.DirectMethodHandle$Holder.newInvokeSpecial(java.lang.Object, java.lang.Object, int, java.lang.Object, int)'> (0x00000000a59f4528) 
thrown [s\open\src\hotspot\share\interpreter\linkResolver.cpp, line 759]
Event: 11.179 Thread 0x0000016aa4ddd0f0 Exception <a 'java/lang/NoSuchMethodError'{0x00000000a59f8628}: 'java.lang.Object java.lang.invoke.DirectMethodHandle$Holder.invokeSpecial(java.lang.Object, java.lang.Object, java.lang.Object, int, java.lang.Object, int)'> (0x00000000a59f8628) 
thrown [s\open\src\hotspot\share\interpreter\linkResolver.cpp, line 759]
Event: 46.298 Thread 0x0000016ac3c455b0 Exception <a 'java/lang/NoSuchMethodError'{0x00000000a54ec830}: 'java.lang.Object java.lang.invoke.DirectMethodHandle$Holder.invokeSpecial(java.lang.Object, java.lang.Object, java.lang.Object, java.lang.Object, java.lang.Object, long)'> (0x00000000a54ec830) 
thrown [s\open\src\hotspot\share\interpreter\linkResolver.cpp, line 759]
Event: 46.298 Thread 0x0000016ac3c455b0 Exception <a 'java/lang/NoSuchMethodError'{0x00000000a54f0270}: 'java.lang.Object java.lang.invoke.Invokers$Holder.linkToTargetMethod(java.lang.Object, java.lang.Object, java.lang.Object, long, java.lang.Object)'> (0x00000000a54f0270) 
thrown [s\open\src\hotspot\share\interpreter\linkResolver.cpp, line 759]

VM Operations (20 events):
Event: 10.772 Executing VM operation: HandshakeAllThreads
Event: 10.772 Executing VM operation: HandshakeAllThreads done
Event: 10.814 Executing VM operation: HandshakeAllThreads
Event: 10.814 Executing VM operation: HandshakeAllThreads done
Event: 10.875 Executing VM operation: ICBufferFull
Event: 10.875 Executing VM operation: ICBufferFull done
Event: 10.995 Executing VM operation: HandshakeAllThreads
Event: 10.996 Executing VM operation: HandshakeAllThreads done
Event: 11.056 Executing VM operation: G1CollectForAllocation
Event: 11.061 Executing VM operation: G1CollectForAllocation done
Event: 11.097 Executing VM operation: G1CollectForAllocation
Event: 11.103 Executing VM operation: G1CollectForAllocation done
Event: 12.105 Executing VM operation: Cleanup
Event: 12.105 Executing VM operation: Cleanup done
Event: 24.217 Executing VM operation: Cleanup
Event: 24.217 Executing VM operation: Cleanup done
Event: 46.324 Executing VM operation: HandshakeAllThreads
Event: 46.324 Executing VM operation: HandshakeAllThreads done
Event: 46.325 Executing VM operation: Cleanup
Event: 46.325 Executing VM operation: Cleanup done

Events (20 events):
Event: 46.236 loading class sun/nio/ch/SocketAdaptor
Event: 46.236 loading class sun/nio/ch/SocketAdaptor done
Event: 46.237 loading class sun/nio/ch/SocketChannelImpl$DefaultOptionsHolder
Event: 46.237 loading class sun/nio/ch/SocketChannelImpl$DefaultOptionsHolder done
Event: 46.238 loading class sun/nio/ch/SelectionKeyImpl
Event: 46.238 loading class java/nio/channels/spi/AbstractSelectionKey
Event: 46.238 loading class java/nio/channels/SelectionKey
Event: 46.239 loading class java/nio/channels/SelectionKey done
Event: 46.239 loading class java/nio/channels/spi/AbstractSelectionKey done
Event: 46.239 loading class sun/nio/ch/SelectionKeyImpl done
Event: 46.239 loading class java/lang/invoke/ConstantBootstraps
Event: 46.239 loading class java/lang/invoke/ConstantBootstraps done
Event: 46.302 loading class sun/nio/cs/ThreadLocalCoders
Event: 46.303 loading class sun/nio/cs/ThreadLocalCoders done
Event: 46.303 loading class sun/nio/cs/ThreadLocalCoders$1
Event: 46.303 loading class sun/nio/cs/ThreadLocalCoders$Cache
Event: 46.303 loading class sun/nio/cs/ThreadLocalCoders$Cache done
Event: 46.303 loading class sun/nio/cs/ThreadLocalCoders$1 done
Event: 46.303 loading class sun/nio/cs/ThreadLocalCoders$2
Event: 46.303 loading class sun/nio/cs/ThreadLocalCoders$2 done


Dynamic libraries:
0x00007ff689870000 - 0x00007ff689880000 	C:\Program Files\Java\jdk-17\bin\java.exe
0x00007fffd4770000 - 0x00007fffd4987000 	C:\WINDOWS\SYSTEM32\ntdll.dll
0x00007fffd3aa0000 - 0x00007fffd3b64000 	C:\WINDOWS\System32\KERNEL32.DLL
0x00007fffd2050000 - 0x00007fffd23f6000 	C:\WINDOWS\System32\KERNELBASE.dll
0x00007fffd1d00000 - 0x00007fffd1e11000 	C:\WINDOWS\System32\ucrtbase.dll
0x00007fffcce20000 - 0x00007fffcce38000 	C:\Program Files\Java\jdk-17\bin\jli.dll
0x00007fffd4570000 - 0x00007fffd4623000 	C:\WINDOWS\System32\ADVAPI32.dll
0x00007fffd3150000 - 0x00007fffd31f7000 	C:\WINDOWS\System32\msvcrt.dll
0x00007fffd4680000 - 0x00007fffd4728000 	C:\WINDOWS\System32\sechost.dll
0x00007fffd1ab0000 - 0x00007fffd1ad8000 	C:\WINDOWS\System32\bcrypt.dll
0x00007fffd3b80000 - 0x00007fffd3c97000 	C:\WINDOWS\System32\RPCRT4.dll
0x00007fffd2740000 - 0x00007fffd28ee000 	C:\WINDOWS\System32\USER32.dll
0x00007fffd1cd0000 - 0x00007fffd1cf6000 	C:\WINDOWS\System32\win32u.dll
0x00007fffd2540000 - 0x00007fffd2569000 	C:\WINDOWS\System32\GDI32.dll
0x00007fffd1e90000 - 0x00007fffd1fa8000 	C:\WINDOWS\System32\gdi32full.dll
0x00007fffd1fb0000 - 0x00007fffd204a000 	C:\WINDOWS\System32\msvcp_win.dll
0x00007fffcce00000 - 0x00007fffcce1b000 	C:\Program Files\Java\jdk-17\bin\VCRUNTIME140.dll
0x00007fffb8770000 - 0x00007fffb8a03000 	C:\WINDOWS\WinSxS\amd64_microsoft.windows.common-controls_6595b64144ccf1df_6.0.22621.2506_none_270c5ae97388e100\COMCTL32.dll
0x00007fffca1c0000 - 0x00007fffca1ca000 	C:\WINDOWS\SYSTEM32\VERSION.dll
0x00007fffd4630000 - 0x00007fffd4661000 	C:\WINDOWS\System32\IMM32.DLL
0x00007fffaa530000 - 0x00007fffaa646000 	C:\Program Files\Topaz OFD\Warsaw\wslbscr64.dll
0x00007fffd28f0000 - 0x00007fffd314b000 	C:\WINDOWS\System32\SHELL32.dll
0x00007fffd0ae0000 - 0x00007fffd0b14000 	C:\WINDOWS\SYSTEM32\ntmarta.dll
0x00007fffaa430000 - 0x00007fffaa525000 	C:\Program Files\Topaz OFD\Warsaw\wslbscrwh64.dll
0x00007fffcc250000 - 0x00007fffcc25c000 	C:\Program Files\Java\jdk-17\bin\vcruntime140_1.dll
0x00007fffba010000 - 0x00007fffba09e000 	C:\Program Files\Java\jdk-17\bin\msvcp140.dll
0x00007fff4a830000 - 0x00007fff4b407000 	C:\Program Files\Java\jdk-17\bin\server\jvm.dll
0x00007fffd2670000 - 0x00007fffd2678000 	C:\WINDOWS\System32\PSAPI.DLL
0x00007fffba180000 - 0x00007fffba189000 	C:\WINDOWS\SYSTEM32\WSOCK32.dll
0x00007fffd24c0000 - 0x00007fffd2531000 	C:\WINDOWS\System32\WS2_32.dll
0x00007fffcb960000 - 0x00007fffcb994000 	C:\WINDOWS\SYSTEM32\WINMM.dll
0x00007fffd0ac0000 - 0x00007fffd0ad8000 	C:\WINDOWS\SYSTEM32\kernel.appcore.dll
0x00007fffcc240000 - 0x00007fffcc24a000 	C:\Program Files\Java\jdk-17\bin\jimage.dll
0x00007fffcf620000 - 0x00007fffcf853000 	C:\WINDOWS\SYSTEM32\DBGHELP.DLL
0x00007fffd3710000 - 0x00007fffd3a99000 	C:\WINDOWS\System32\combase.dll
0x00007fffd3e80000 - 0x00007fffd3f57000 	C:\WINDOWS\System32\OLEAUT32.dll
0x00007fffc5f10000 - 0x00007fffc5f42000 	C:\WINDOWS\SYSTEM32\dbgcore.DLL
0x00007fffd1ae0000 - 0x00007fffd1b5a000 	C:\WINDOWS\System32\bcryptPrimitives.dll
0x00007fffc79b0000 - 0x00007fffc79be000 	C:\Program Files\Java\jdk-17\bin\instrument.dll
0x00007fffca0d0000 - 0x00007fffca0f5000 	C:\Program Files\Java\jdk-17\bin\java.dll
0x00007fffabab0000 - 0x00007fffabb87000 	C:\Program Files\Java\jdk-17\bin\jsvml.dll
0x00007fffcf9c0000 - 0x00007fffd02b6000 	C:\WINDOWS\SYSTEM32\windows.storage.dll
0x00007fffcf880000 - 0x00007fffcf9be000 	C:\WINDOWS\SYSTEM32\wintypes.dll
0x00007fffd4310000 - 0x00007fffd4403000 	C:\WINDOWS\System32\SHCORE.dll
0x00007fffd3ca0000 - 0x00007fffd3cfe000 	C:\WINDOWS\System32\shlwapi.dll
0x00007fffd19e0000 - 0x00007fffd1a06000 	C:\WINDOWS\SYSTEM32\profapi.dll
0x00007fffc9770000 - 0x00007fffc9788000 	C:\Program Files\Java\jdk-17\bin\zip.dll
0x00007fffcb850000 - 0x00007fffcb869000 	C:\Program Files\Java\jdk-17\bin\net.dll
0x00007fffcbb30000 - 0x00007fffcbc67000 	C:\WINDOWS\SYSTEM32\WINHTTP.dll
0x00007fffd0f50000 - 0x00007fffd0fb9000 	C:\WINDOWS\system32\mswsock.dll
0x00007fffca060000 - 0x00007fffca076000 	C:\Program Files\Java\jdk-17\bin\nio.dll
0x00007fffbe580000 - 0x00007fffbe59a000 	C:\Program Files\JetBrains\IntelliJ IDEA Community Edition 2020.3.2\bin\breakgen64.dll
0x00007fffc9760000 - 0x00007fffc976d000 	C:\Program Files\Java\jdk-17\bin\sunmscapi.dll
0x00007fffd1b60000 - 0x00007fffd1cc6000 	C:\WINDOWS\System32\CRYPT32.dll
0x00007fffd1380000 - 0x00007fffd13ae000 	C:\WINDOWS\SYSTEM32\ncrypt.dll
0x00007fffd1340000 - 0x00007fffd1377000 	C:\WINDOWS\SYSTEM32\NTASN1.dll
0x00007fffd11d0000 - 0x00007fffd11eb000 	C:\WINDOWS\SYSTEM32\CRYPTSP.dll
0x00007fffd0a10000 - 0x00007fffd0a45000 	C:\WINDOWS\system32\rsaenh.dll
0x00007fffd1060000 - 0x00007fffd108c000 	C:\WINDOWS\SYSTEM32\USERENV.dll
0x00007fffd11c0000 - 0x00007fffd11cc000 	C:\WINDOWS\SYSTEM32\CRYPTBASE.dll
0x00007fffd0520000 - 0x00007fffd054d000 	C:\WINDOWS\SYSTEM32\IPHLPAPI.DLL
0x00007fffd3b70000 - 0x00007fffd3b79000 	C:\WINDOWS\System32\NSI.dll
0x00007fffcba70000 - 0x00007fffcba89000 	C:\WINDOWS\SYSTEM32\dhcpcsvc6.DLL
0x00007fffcb870000 - 0x00007fffcb88f000 	C:\WINDOWS\SYSTEM32\dhcpcsvc.DLL
0x00007fffd0590000 - 0x00007fffd0689000 	C:\WINDOWS\SYSTEM32\DNSAPI.dll
0x00007fffcb890000 - 0x00007fffcb89a000 	C:\Program Files\Java\jdk-17\bin\management.dll
0x00007fffcb830000 - 0x00007fffcb83b000 	C:\Program Files\Java\jdk-17\bin\management_ext.dll
0x00007fffc7940000 - 0x00007fffc794a000 	C:\Windows\System32\rasadhlp.dll
0x00007fffca400000 - 0x00007fffca483000 	C:\WINDOWS\System32\fwpuclnt.dll
0x00007fffcc230000 - 0x00007fffcc240000 	C:\Program Files\Java\jdk-17\bin\verify.dll
0x00007fffc9750000 - 0x00007fffc9758000 	C:\WINDOWS\system32\wshunix.dll

dbghelp: loaded successfully - version: 4.0.5 - missing functions: none
symbol engine: initialized successfully - sym options: 0x614 - pdb path: .;C:\Program Files\Java\jdk-17\bin;C:\WINDOWS\SYSTEM32;C:\WINDOWS\WinSxS\amd64_microsoft.windows.common-controls_6595b64144ccf1df_6.0.22621.2506_none_270c5ae97388e100;C:\Program Files\Topaz OFD\Warsaw;C:\Program Files\Java\jdk-17\bin\server;C:\Program Files\JetBrains\IntelliJ IDEA Community Edition 2020.3.2\bin

VM Arguments:
jvm_args: -javaagent:C:\Program Files\JetBrains\IntelliJ IDEA Community Edition 2020.3.2\lib\idea_rt.jar=53053:C:\Program Files\JetBrains\IntelliJ IDEA Community Edition 2020.3.2\bin -Dfile.encoding=UTF-8 
java_command: br.com.calculo.CalculoApplication
java_class_path (initial): C:\Projetos\Calculo\target\classes;C:\Users\diego\.m2\repository\org\springframework\boot\spring-boot-starter-data-jpa\3.2.3\spring-boot-starter-data-jpa-3.2.3.jar;C:\Users\diego\.m2\repository\org\springframework\boot\spring-boot-starter-aop\3.2.3\spring-boot-starter-aop-3.2.3.jar;C:\Users\diego\.m2\repository\org\springframework\spring-aop\6.1.4\spring-aop-6.1.4.jar;C:\Users\diego\.m2\repository\org\aspectj\aspectjweaver\1.9.21\aspectjweaver-1.9.21.jar;C:\Users\diego\.m2\repository\org\springframework\boot\spring-boot-starter-jdbc\3.2.3\spring-boot-starter-jdbc-3.2.3.jar;C:\Users\diego\.m2\repository\com\zaxxer\HikariCP\5.0.1\HikariCP-5.0.1.jar;C:\Users\diego\.m2\repository\org\springframework\spring-jdbc\6.1.4\spring-jdbc-6.1.4.jar;C:\Users\diego\.m2\repository\org\hibernate\orm\hibernate-core\6.4.4.Final\hibernate-core-6.4.4.Final.jar;C:\Users\diego\.m2\repository\jakarta\persistence\jakarta.persistence-api\3.1.0\jakarta.persistence-api-3.1.0.jar;C:\Users\diego\.m2\repository\jakarta\transaction\jakarta.transaction-api\2.0.1\jakarta.transaction-api-2.0.1.jar;C:\Users\diego\.m2\repository\org\jboss\logging\jboss-logging\3.5.3.Final\jboss-logging-3.5.3.Final.jar;C:\Users\diego\.m2\repository\org\hibernate\common\hibernate-commons-annotations\6.0.6.Final\hibernate-commons-annotations-6.0.6.Final.jar;C:\Users\diego\.m2\repository\io\smallrye\jandex\3.1.2\jandex-3.1.2.jar;C:\Users\diego\.m2\repository\com\fasterxml\classmate\1.6.0\classmate-1.6.0.jar;C:\Users\diego\.m2\repository\net\bytebuddy\byte-buddy\1.14.12\byte-buddy-1.14.12.jar;C:\Users\diego\.m2\repository\org\glassfish\jaxb\jaxb-runtime\4.0.4\jaxb-runtime-4.0.4.jar;C:\Users\diego\.m2\repository\org\glassfish\jaxb\jaxb-core\4.0.4\jaxb-core-4.0.4.jar;C:\Users\diego\.m2\repository\org\eclipse\angus\angus-activation\2.0.1\angus-activation-2.0.1.jar;C:\Users\diego\.m2\repository\org\glassfish\jaxb\txw2\4.0.4\txw2-4.0.4.jar;C:\Users\diego\.m2\repository\com\sun\istack\istack-commons-ru
Launcher Type: SUN_STANDARD

[Global flags]
     intx CICompilerCount                          = 4                                         {product} {ergonomic}
     uint ConcGCThreads                            = 2                                         {product} {ergonomic}
     uint G1ConcRefinementThreads                  = 8                                         {product} {ergonomic}
   size_t G1HeapRegionSize                         = 1048576                                   {product} {ergonomic}
    uintx GCDrainStackTargetSize                   = 64                                        {product} {ergonomic}
   size_t InitialHeapSize                          = 100663296                                 {product} {ergonomic}
   size_t MarkStackSize                            = 4194304                                   {product} {ergonomic}
   size_t MaxHeapSize                              = 1579155456                                {product} {ergonomic}
   size_t MaxNewSize                               = 946864128                                 {product} {ergonomic}
   size_t MinHeapDeltaBytes                        = 1048576                                   {product} {ergonomic}
   size_t MinHeapSize                              = 8388608                                   {product} {ergonomic}
    uintx NonNMethodCodeHeapSize                   = 5839372                                {pd product} {ergonomic}
    uintx NonProfiledCodeHeapSize                  = 122909434                              {pd product} {ergonomic}
    uintx ProfiledCodeHeapSize                     = 122909434                              {pd product} {ergonomic}
    uintx ReservedCodeCacheSize                    = 251658240                              {pd product} {ergonomic}
     bool SegmentedCodeCache                       = true                                      {product} {ergonomic}
   size_t SoftMaxHeapSize                          = 1579155456                             {manageable} {ergonomic}
     bool UseCompressedClassPointers               = true                           {product lp64_product} {ergonomic}
     bool UseCompressedOops                        = true                           {product lp64_product} {ergonomic}
     bool UseG1GC                                  = true                                      {product} {ergonomic}
     bool UseLargePagesIndividualAllocation        = false                                  {pd product} {ergonomic}

Logging:
Log output configuration:
 #0: stdout all=warning uptime,level,tags
 #1: stderr all=off uptime,level,tags

Environment Variables:
JAVA_HOME=C:\Program Files\Java\jdk-17
CLASSPATH=.
PATH=C:\Program Files\Java\jdk-17\bin;C:\Users\diego\AppData\Local\Programs\Python\Python310\Scripts\;C:\Users\diego\AppData\Local\Programs\Python\Python310\;C:\Program Files\Java\jdk-17\bin;C:\ProgramData\Oracle\Java\javapath;C:\Program Files\Common Files\Oracle\Java\javapath;C:\Program Files (x86)\Common Files\Oracle\Java\javapath;C:\Program Files\Java\jdk-17\bin;C:\WINDOWS\system32;C:\WINDOWS;C:\WINDOWS\System32\Wbem;C:\WINDOWS\System32\WindowsPowerShell\v1.0\;C:\WINDOWS\System32\OpenSSH\;IDEA Community Edition 2020.3.2\plugins\maven\lib\maven3\bin\bin;C:\Program Files\Git\cmd;C:\Program Files\Microsoft VS Code\bin;C:\Users\diego\ambiente-projetos\gradle-7.1.1\bin;C:\Program Files\mongo\server\mongodb-win32-x86_64-windows-5.0.3\bin;C:\Program Files\mongo\tools\mongodb-database-tools-windows-x86_64-100.5.1\bin;C:\ProgramData\chocolatey\bin;C:\Program Files\Docker\Docker\resources\bin;C:\ProgramData\DockerDesktop\version-bin;C:\Users\diego\AppData\Roaming\nvm;C:\Program Files\nodejs;C:\Users\diego\AppData\Local\Microsoft\WindowsApps;C:\Program Files\Java\jdk-17\bin;C:\apache-maven-3.8.1\bin;C:\Users\diego\AppData\Local\Programs\Microsoft VS Code\bin;C:\Program Files\heroku\bin;C:\Program Files\JetBrains\PyCharm Community Edition 2022.2\bin;;C:\Users\diego\AppData\Roaming\npm;C:\Users\diego\AppData\Local\Google\Cloud SDK\google-cloud-sdk\bin;C:\Users\diego\AppData\Roaming\nvm;C:\Program Files\nodejs;
USERNAME=diego
OS=Windows_NT
PROCESSOR_IDENTIFIER=AMD64 Family 23 Model 24 Stepping 1, AuthenticAMD



---------------  S Y S T E M  ---------------

OS:
 Windows 11 , 64 bit Build 22621 (10.0.22621.3085)
OS uptime: 16 days 19:15 hours
Hyper-V role detected

CPU: total 8 (initial active 8) (8 cores per cpu, 2 threads per core) family 23 model 24 stepping 1 microcode 0x0, cx8, cmov, fxsr, ht, mmx, 3dnowpref, sse, sse2, sse3, ssse3, sse4a, sse4.1, sse4.2, popcnt, lzcnt, tsc, tscinvbit, avx, avx2, aes, clmul, bmi1, bmi2, adx, sha, fma, vzeroupper, clflush, clflushopt, hv

Memory: 4k page, system-wide physical 6020M (149M free)
TotalPageFile size 24452M (AvailPageFile size 2M)
current process WorkingSet (physical memory assigned to process): 203M, peak: 245M
current process commit charge ("private bytes"): 269M, peak: 281M

vm_info: Java HotSpot(TM) 64-Bit Server VM (17.0.6+9-LTS-190) for windows-amd64 JRE (17.0.6+9-LTS-190), built on Dec  6 2022 15:53:54 by "mach5one" with MS VC++ 17.1 (VS2022)

END.
